Change Component Footprint: Designator=C2 Old Footprint=C_0603_1608 New Footprint=C_0603_1608
Change Component Footprint: Designator=C5 Old Footprint=C_0603_1608 New Footprint=C_0603_1608
Change Component Footprint: Designator=C9 Old Footprint=C_0603_1608 New Footprint=C_0603_1608
Change Component Footprint: Designator=C10 Old Footprint=C_0603_1608 New Footprint=C_0603_1608
Change Component Footprint: Designator=C13 Old Footprint=C_0603_1608 New Footprint=C_0603_1608
Change Component Footprint: Designator=C14 Old Footprint=C_0603_1608 New Footprint=C_0603_1608
Change Component Footprint: Designator=C15 Old Footprint=C_0603_1608 New Footprint=C_0603_1608
Change Component Footprint: Designator=C16 Old Footprint=C_0603_1608 New Footprint=C_0603_1608
Change Component Footprint: Designator=C17 Old Footprint=C_0603_1608 New Footprint=C_0603_1608
Change Component Footprint: Designator=C18 Old Footprint=C_0603_1608 New Footprint=C_0603_1608
Change Component Footprint: Designator=C19 Old Footprint=C_0603_1608 New Footprint=C_0603_1608
Change Component Footprint: Designator=C20 Old Footprint=C_0603_1608 New Footprint=C_0603_1608
Change Component Footprint: Designator=C22 Old Footprint=C_0603_1608 New Footprint=C_0603_1608
Change Component Footprint: Designator=C1 Old Footprint=C_0805_2012 New Footprint=C_0805_2012
Change Component Footprint: Designator=C3 Old Footprint=C_0805_2012 New Footprint=C_0805_2012
Change Component Footprint: Designator=C4 Old Footprint=C_0805_2012 New Footprint=C_0805_2012
Change Component Footprint: Designator=C6 Old Footprint=C_0805_2012 New Footprint=C_0805_2012
Change Component Footprint: Designator=C7 Old Footprint=C_0805_2012 New Footprint=C_0805_2012
Change Component Footprint: Designator=C8 Old Footprint=C_0805_2012 New Footprint=C_0805_2012
Change Component Footprint: Designator=C12 Old Footprint=C_1210_3225 New Footprint=C_1210_3225
Change Component Footprint: Designator=C21 Old Footprint=C_1210_3225 New Footprint=C_1210_3225
Change Component Footprint: Designator=R8 Old Footprint=R_0402_1005 New Footprint=R_0402_1005
Change Component Footprint: Designator=R9 Old Footprint=R_0402_1005 New Footprint=R_0402_1005
Change Component Footprint: Designator=R1 Old Footprint=R_0603_1608 New Footprint=R_0603_1608
Change Component Footprint: Designator=R2 Old Footprint=R_0603_1608 New Footprint=R_0603_1608
Change Component Footprint: Designator=R3 Old Footprint=R_0603_1608 New Footprint=R_0603_1608
Change Component Footprint: Designator=R4 Old Footprint=R_0603_1608 New Footprint=R_0603_1608
Change Component Footprint: Designator=R5 Old Footprint=R_0603_1608 New Footprint=R_0603_1608
Change Component Footprint: Designator=R6 Old Footprint=R_0603_1608 New Footprint=R_0603_1608
Change Component Footprint: Designator=R7 Old Footprint=R_0603_1608 New Footprint=R_0603_1608
Change Component Footprint: Designator=R10 Old Footprint=R_0603_1608 New Footprint=R_0603_1608
Change Component Footprint: Designator=R11 Old Footprint=R_0603_1608 New Footprint=R_0603_1608
Change Component Footprint: Designator=R12 Old Footprint=R_0603_1608 New Footprint=R_0603_1608
Change Component Footprint: Designator=R13 Old Footprint=R_0603_1608 New Footprint=R_0603_1608
Change Component Footprint: Designator=U2 Old Footprint=SOT23-5_SC74A_SOT753_M New Footprint=SOT23-5_SC74A_SOT753_M
Added Component: Designator=P1(HEADER_M_2x3_2.54)
Add component (AddParameter): Name = "Gender"; Value = "Male"; VariantName = "[No Variations]"
Add component (AddParameter): Name = "HelpURL"; Value = "https://octopart.com/datasheet/826925-3-te+connectivity-41192668"; VariantName = "[No Variations]"
Add component (AddParameter): Name = "Manufacturer"; Value = "TE Connectivity"; VariantName = "[No Variations]"
Add component (AddParameter): Name = "Manufacturer Part Number"; Value = "826925-3"; VariantName = "[No Variations]"
Add component (AddParameter): Name = "Max Operating Temperature"; Value = "0°C"; VariantName = "[No Variations]"
Add component (AddParameter): Name = "Mount"; Value = "Through Hole"; VariantName = "[No Variations]"
Add component (AddParameter): Name = "Number of Pins"; Value = "6"; VariantName = "[No Variations]"
Add component (AddParameter): Name = "Number of Rows"; Value = "2"; VariantName = "[No Variations]"
Add component (AddParameter): Name = "Orientation"; Value = "Straight"; VariantName = "[No Variations]"
Add component (AddParameter): Name = "Part Number"; Value = "826925-3"; VariantName = "[No Variations]"
Add component (AddParameter): Name = "Pitch"; Value = "2.54mm"; VariantName = "[No Variations]"
Added Pin To Net: NetName=INTERNAL_LDO_OUT Pin=P1-1
Added Pin To Net: NetName=MEASUREMENT_INPUT Pin=P1-2
Added Pin To Net: NetName=EXTERNAL_LDO_OUT Pin=P1-3
Added Pin To Net: NetName=MEASUREMENT_INPUT Pin=P1-4
Added Pin To Net: NetName=GND Pin=P1-5
Added Pin To Net: NetName=GND Pin=P1-6
Added Member To Class: ClassName=main Member=Component P1 826925-3
